2025-01-22 11:06:30 INFO:	***** Start a BUSCO v5.3.2 analysis, current time: 01/22/2025 11:06:30 *****
2025-01-22 11:06:30 INFO:	Configuring BUSCO with local environment
2025-01-22 11:06:30 INFO:	Mode is genome
2025-01-22 11:06:30 INFO:	Input file is /nobackup/brlt51/genome_downloads/bienne_genome/ragtag_291224/ragtag.scaffold.fasta
2025-01-22 11:06:32 INFO:	Running BUSCO using lineage dataset eudicots_odb10 (eukaryota, 2024-01-08)
2025-01-22 11:06:32 INFO:	Running 1 job(s) on metaeuk, starting at 01/22/2025 11:06:32
2025-01-22 12:29:57 INFO:	[metaeuk]	1 of 1 task(s) completed
2025-01-22 12:30:08 INFO:	***** Run HMMER on gene sequences *****
2025-01-22 12:30:08 INFO:	Running 2326 job(s) on hmmsearch, starting at 01/22/2025 12:30:08
2025-01-22 12:32:00 INFO:	[hmmsearch]	233 of 2326 task(s) completed
2025-01-22 12:35:11 INFO:	[hmmsearch]	466 of 2326 task(s) completed
2025-01-22 12:38:28 INFO:	[hmmsearch]	698 of 2326 task(s) completed
2025-01-22 12:41:46 INFO:	[hmmsearch]	931 of 2326 task(s) completed
2025-01-22 12:48:08 INFO:	[hmmsearch]	1163 of 2326 task(s) completed
2025-01-22 12:57:19 INFO:	[hmmsearch]	1396 of 2326 task(s) completed
2025-01-22 13:05:02 INFO:	[hmmsearch]	1629 of 2326 task(s) completed
2025-01-22 13:12:16 INFO:	[hmmsearch]	1861 of 2326 task(s) completed
2025-01-22 13:16:25 INFO:	[hmmsearch]	2094 of 2326 task(s) completed
2025-01-22 13:18:49 INFO:	[hmmsearch]	2326 of 2326 task(s) completed
2025-01-22 13:19:13 INFO:	Extracting missing and fragmented buscos from the file refseq_db.faa...
2025-01-22 13:19:18 INFO:	Running 1 job(s) on metaeuk, starting at 01/22/2025 13:19:18
2025-01-22 15:14:23 INFO:	[metaeuk]	1 of 1 task(s) completed
2025-01-22 15:14:26 INFO:	***** Run HMMER on gene sequences *****
2025-01-22 15:14:26 INFO:	Running 180 job(s) on hmmsearch, starting at 01/22/2025 15:14:26
2025-01-22 15:16:20 INFO:	[hmmsearch]	18 of 180 task(s) completed
2025-01-22 15:17:28 INFO:	[hmmsearch]	36 of 180 task(s) completed
2025-01-22 15:19:38 INFO:	[hmmsearch]	54 of 180 task(s) completed
2025-01-22 15:20:46 INFO:	[hmmsearch]	72 of 180 task(s) completed
2025-01-22 15:21:58 INFO:	[hmmsearch]	90 of 180 task(s) completed
2025-01-22 15:23:42 INFO:	[hmmsearch]	108 of 180 task(s) completed
2025-01-22 15:25:04 INFO:	[hmmsearch]	126 of 180 task(s) completed
2025-01-22 15:25:09 INFO:	[hmmsearch]	144 of 180 task(s) completed
2025-01-22 15:25:12 INFO:	[hmmsearch]	162 of 180 task(s) completed
2025-01-22 15:25:15 INFO:	[hmmsearch]	180 of 180 task(s) completed
2025-01-22 15:25:49 INFO:	Validating exons and removing overlapping matches
2025-01-22 15:26:19 INFO:	Results:	C:94.0%[S:42.4%,D:51.6%],F:1.3%,M:4.7%,n:2326	   

2025-01-22 15:27:05 INFO:	

	--------------------------------------------------
	|Results from dataset eudicots_odb10              |
	--------------------------------------------------
	|C:94.0%[S:42.4%,D:51.6%],F:1.3%,M:4.7%,n:2326    |
	|2186	Complete BUSCOs (C)                       |
	|986	Complete and single-copy BUSCOs (S)       |
	|1200	Complete and duplicated BUSCOs (D)        |
	|31	Fragmented BUSCOs (F)                     |
	|109	Missing BUSCOs (M)                        |
	|2326	Total BUSCO groups searched               |
	--------------------------------------------------
2025-01-22 15:27:05 INFO:	BUSCO analysis done. Total running time: 15635 seconds
2025-01-22 15:27:05 INFO:	Results written in /nobackup/brlt51/slurm_scripts/nobackup/brlt51/genome_downloads/busco/bienne_busco
2025-01-22 15:27:05 INFO:	For assistance with interpreting the results, please consult the userguide: https://busco.ezlab.org/busco_userguide.html

2025-01-22 15:27:05 INFO:	Visit this page https://gitlab.com/ezlab/busco#how-to-cite-busco to see how to cite BUSCO
